Arguments: 
  C:\Program Files\nodejs\node.exe C:\Program Files\nodejs\node_modules\yarn\bin\yarn.js add -D @vite-pwa/sveltekit

PATH: 
  C:\Program Files\Git\mingw64\bin;C:\Program Files\Git\usr\bin;C:\Users\aidan\bin;C:\Program Files\Common Files\Oracle\Java\javapath;C:\WINDOWS\system32;C:\WINDOWS;C:\WINDOWS\System32\Wbem;C:\WINDOWS\System32\WindowsPowerShell\v1.0;C:\WINDOWS\System32\OpenSSH;C:\Program Files\Git\cmd;C:\Program Files\Docker\Docker\resources\bin;C:\ProgramData\DockerDesktop\version-bin;C:\Users\aidan\AppData\Roaming\nvm;C:\Program Files\nodejs;C:\Program Files\GitHub CLI;C:\Program Files\Go\bin;C:\TDM-GCC-64\bin;C:\Program Files\PuTTY;C:\Program Files (x86)\sox-14-4-2;C:\WINDOWS\system32;C:\WINDOWS;C:\WINDOWS\System32\Wbem;C:\WINDOWS\System32\WindowsPowerShell\v1.0;C:\WINDOWS\System32\OpenSSH;C:\Users\aidan\.cargo\bin;C:\Users\aidan\scoop\shims;C:\Users\aidan\AppData\Local\Programs\Python\Python39\Scripts;C:\Users\aidan\AppData\Local\Programs\Python\Python39;C:\Users\aidan\AppData\Local\Programs\Microsoft VS Code\bin;C:\Users\aidan\AppData\Roaming\npm;C:\Users\aidan\AppData\Local\GitHubDesktop\bin;C:\Program Files\heroku\bin;C:\msys64\mingw64\bin;C:\Program Files (x86)\Vim\vim82;C:\Coding\Shell\powershell;C:\Program Files\qemu;C:\Users\aidan\go\bin;C:\Program Files\Curl\bin;C:\Users\aidan\.pyenv\pyenv-win\bin;C:\Users\aidan\.pyenv\pyenv-win\shims;C:\Users\aidan\SurrealDB;C:\Users\aidan\AppData\Local\Microsoft\WindowsApps;C:\Program Files\PostgreSQL\15\bin;C:\Program Files\MariaDB 10.6\bin;C:\Program Files\JetBrains\IntelliJ IDEA Community Edition 2022.3\bin;C:\src\flutter\bin;C:\Users\aidan\AppData\Local\Android\Sdk\cmdline-tools\latest\bin;C:\Users\aidan\AppData\Local\Android\Sdk\tools;C:\Users\aidan\AppData\Local\Android\Sdk\platform-tools

Yarn version: 
  1.22.19

Node version: 
  16.18.0

Platform: 
  win32 x64

Trace: 
  Error: EPERM: operation not permitted, unlink 'C:\VVibrant Web Solutions\onyx-client\node_modules\@esbuild\win32-x64\esbuild.exe'

npm manifest: 
  {
  	"name": "onyx-client",
  	"version": "0.0.1",
  	"private": true,
  	"scripts": {
  		"dev": "vite dev",
  		"build": "vite build",
  		"preview": "vite preview",
  		"check": "svelte-kit sync && svelte-check --tsconfig ./tsconfig.json",
  		"check:watch": "svelte-kit sync && svelte-check --tsconfig ./tsconfig.json --watch",
  		"lint": "prettier --plugin-search-dir . --check . && eslint .",
  		"format": "prettier --plugin-search-dir . --write ."
  	},
  	"devDependencies": {
  		"@sveltejs/adapter-auto": "^1.0.0",
  		"@sveltejs/kit": "^1.0.0",
  		"@typescript-eslint/eslint-plugin": "^5.45.0",
  		"@typescript-eslint/parser": "^5.45.0",
  		"eslint": "^8.28.0",
  		"eslint-config-prettier": "^8.5.0",
  		"eslint-plugin-svelte3": "^4.0.0",
  		"prettier": "^2.8.0",
  		"prettier-plugin-svelte": "^2.8.1",
  		"svelte": "^3.54.0",
  		"svelte-check": "^2.9.2",
  		"tslib": "^2.4.1",
  		"typescript": "^4.9.3",
  		"vite": "^4.0.0"
  	},
  	"type": "module",
  	"dependencies": {
  		"axios": "^1.2.1"
  	}
  }

yarn manifest: 
  No manifest

Lockfile: 
  No lockfile
